{
  "/Users/arnaud.huc/Dev/perso/sf6/back/src/index.ts": {
    "path": "/Users/arnaud.huc/Dev/perso/sf6/back/src/index.ts",
    "statementMap": {
      "0": { "start": { "line": 1, "column": 0 }, "end": { "line": 1, "column": 29 } },
      "1": { "start": { "line": 2, "column": 0 }, "end": { "line": 2, "column": 27 } },
      "2": { "start": { "line": 3, "column": 0 }, "end": { "line": 3, "column": 29 } },
      "3": { "start": { "line": 6, "column": 0 }, "end": { "line": 6, "column": null } },
      "4": { "start": { "line": 7, "column": 12 }, "end": { "line": 7, "column": 21 } },
      "5": { "start": { "line": 9, "column": 13 }, "end": { "line": 9, "column": 29 } },
      "6": { "start": { "line": 11, "column": 0 }, "end": { "line": 11, "column": null } },
      "7": { "start": { "line": 13, "column": 0 }, "end": { "line": 20, "column": null } },
      "8": { "start": { "line": 15, "column": 4 }, "end": { "line": 15, "column": null } },
      "9": { "start": { "line": 19, "column": 4 }, "end": { "line": 19, "column": null } },
      "10": { "start": { "line": 22, "column": 0 }, "end": { "line": 22, "column": null } }
    },
    "fnMap": {
      "0": {
        "name": "(anonymous_1)",
        "decl": { "start": { "line": 14, "column": 16 }, "end": { "line": 14, "column": 19 } },
        "loc": { "start": { "line": 14, "column": 21 }, "end": { "line": 16, "column": 3 } }
      },
      "1": {
        "name": "(anonymous_2)",
        "decl": { "start": { "line": 17, "column": 15 }, "end": { "line": 17, "column": 16 } },
        "loc": { "start": { "line": 17, "column": 25 }, "end": { "line": 20, "column": 3 } }
      }
    },
    "branchMap": {},
    "s": {
      "0": 1,
      "1": 1,
      "2": 1,
      "3": 1,
      "4": 1,
      "5": 1,
      "6": 1,
      "7": 1,
      "8": 1,
      "9": 0,
      "10": 1
    },
    "f": { "0": 1, "1": 0 },
    "b": {}
  },
  "/Users/arnaud.huc/Dev/perso/sf6/back/src/router/index.ts": {
    "path": "/Users/arnaud.huc/Dev/perso/sf6/back/src/router/index.ts",
    "statementMap": {
      "0": { "start": { "line": 1, "column": 0 }, "end": { "line": 1, "column": 51 } },
      "1": { "start": { "line": 2, "column": 0 }, "end": { "line": 2, "column": 52 } },
      "2": { "start": { "line": 3, "column": 0 }, "end": { "line": 3, "column": 19 } },
      "3": { "start": { "line": 5, "column": 15 }, "end": { "line": 5, "column": 23 } },
      "4": { "start": { "line": 7, "column": 0 }, "end": { "line": 9, "column": null } },
      "5": { "start": { "line": 8, "column": 2 }, "end": { "line": 8, "column": null } },
      "6": { "start": { "line": 11, "column": 0 }, "end": { "line": 22, "column": null } },
      "7": { "start": { "line": 12, "column": 19 }, "end": { "line": 12, "column": 49 } },
      "8": { "start": { "line": 13, "column": 2 }, "end": { "line": 16, "column": 3 } },
      "9": { "start": { "line": 14, "column": 4 }, "end": { "line": 14, "column": null } },
      "10": { "start": { "line": 15, "column": 4 }, "end": { "line": 15, "column": 10 } },
      "11": { "start": { "line": 17, "column": 2 }, "end": { "line": 20, "column": null } },
      "12": { "start": { "line": 18, "column": 4 }, "end": { "line": 18, "column": null } },
      "13": { "start": { "line": 18, "column": 13 }, "end": { "line": 18, "column": null } },
      "14": { "start": { "line": 19, "column": 4 }, "end": { "line": 19, "column": null } },
      "15": { "start": { "line": 21, "column": 2 }, "end": { "line": 21, "column": null } },
      "16": { "start": { "line": 24, "column": 0 }, "end": { "line": 34, "column": null } },
      "17": { "start": { "line": 25, "column": 19 }, "end": { "line": 25, "column": 49 } },
      "18": { "start": { "line": 26, "column": 2 }, "end": { "line": 26, "column": null } },
      "19": { "start": { "line": 27, "column": 2 }, "end": { "line": 30, "column": 3 } },
      "20": { "start": { "line": 28, "column": 4 }, "end": { "line": 28, "column": null } },
      "21": { "start": { "line": 29, "column": 4 }, "end": { "line": 29, "column": 10 } },
      "22": { "start": { "line": 31, "column": 19 }, "end": { "line": 31, "column": 63 } },
      "23": { "start": { "line": 32, "column": 2 }, "end": { "line": 32, "column": null } },
      "24": { "start": { "line": 33, "column": 2 }, "end": { "line": 33, "column": null } },
      "25": { "start": { "line": 36, "column": 0 }, "end": { "line": 36, "column": null } }
    },
    "fnMap": {
      "0": {
        "name": "(anonymous_1)",
        "decl": { "start": { "line": 7, "column": 16 }, "end": { "line": 7, "column": 17 } },
        "loc": { "start": { "line": 7, "column": 48 }, "end": { "line": 9, "column": 1 } }
      },
      "1": {
        "name": "(anonymous_2)",
        "decl": { "start": { "line": 11, "column": 27 }, "end": { "line": 11, "column": 28 } },
        "loc": { "start": { "line": 11, "column": 59 }, "end": { "line": 22, "column": 1 } }
      },
      "2": {
        "name": "(anonymous_3)",
        "decl": { "start": { "line": 17, "column": 41 }, "end": { "line": 17, "column": 42 } },
        "loc": { "start": { "line": 17, "column": 49 }, "end": { "line": 20, "column": 3 } }
      },
      "3": {
        "name": "(anonymous_4)",
        "decl": { "start": { "line": 24, "column": 19 }, "end": { "line": 24, "column": 20 } },
        "loc": { "start": { "line": 24, "column": 51 }, "end": { "line": 34, "column": 1 } }
      }
    },
    "branchMap": {
      "0": {
        "loc": { "start": { "line": 13, "column": 2 }, "end": { "line": 16, "column": 3 } },
        "type": "if",
        "locations": [{ "start": { "line": 13, "column": 2 }, "end": { "line": 16, "column": 3 } }]
      },
      "1": {
        "loc": { "start": { "line": 18, "column": 4 }, "end": { "line": 18, "column": null } },
        "type": "if",
        "locations": [
          { "start": { "line": 18, "column": 4 }, "end": { "line": 18, "column": null } }
        ]
      },
      "2": {
        "loc": { "start": { "line": 27, "column": 2 }, "end": { "line": 30, "column": 3 } },
        "type": "if",
        "locations": [{ "start": { "line": 27, "column": 2 }, "end": { "line": 30, "column": 3 } }]
      }
    },
    "s": {
      "0": 1,
      "1": 1,
      "2": 1,
      "3": 1,
      "4": 1,
      "5": 1,
      "6": 1,
      "7": 0,
      "8": 0,
      "9": 0,
      "10": 0,
      "11": 0,
      "12": 0,
      "13": 0,
      "14": 0,
      "15": 0,
      "16": 1,
      "17": 2,
      "18": 2,
      "19": 2,
      "20": 1,
      "21": 1,
      "22": 1,
      "23": 1,
      "24": 1,
      "25": 1
    },
    "f": { "0": 1, "1": 0, "2": 0, "3": 2 },
    "b": { "0": [0], "1": [0], "2": [1] }
  },
  "/Users/arnaud.huc/Dev/perso/sf6/back/src/utils/index.ts": {
    "path": "/Users/arnaud.huc/Dev/perso/sf6/back/src/utils/index.ts",
    "statementMap": {
      "0": { "start": { "line": 1, "column": 31 }, "end": { "line": 8, "column": 1 } },
      "1": { "start": { "line": 2, "column": 2 }, "end": { "line": 7, "column": 3 } },
      "2": { "start": { "line": 4, "column": 6 }, "end": { "line": 4, "column": null } },
      "3": { "start": { "line": 6, "column": 6 }, "end": { "line": 6, "column": null } },
      "4": { "start": { "line": 1, "column": 13 }, "end": { "line": 1, "column": 31 } },
      "5": { "start": { "line": 10, "column": 24 }, "end": { "line": 12, "column": 1 } },
      "6": { "start": { "line": 11, "column": 2 }, "end": { "line": 11, "column": null } },
      "7": { "start": { "line": 10, "column": 13 }, "end": { "line": 10, "column": 24 } }
    },
    "fnMap": {
      "0": {
        "name": "(anonymous_0)",
        "decl": { "start": { "line": 1, "column": 31 }, "end": { "line": 1, "column": 32 } },
        "loc": { "start": { "line": 1, "column": 66 }, "end": { "line": 8, "column": 1 } }
      },
      "1": {
        "name": "(anonymous_1)",
        "decl": { "start": { "line": 10, "column": 24 }, "end": { "line": 10, "column": 25 } },
        "loc": { "start": { "line": 10, "column": 45 }, "end": { "line": 12, "column": 1 } }
      }
    },
    "branchMap": {
      "0": {
        "loc": { "start": { "line": 2, "column": 2 }, "end": { "line": 7, "column": 3 } },
        "type": "switch",
        "locations": [
          { "start": { "line": 3, "column": 4 }, "end": { "line": 4, "column": null } },
          { "start": { "line": 5, "column": 4 }, "end": { "line": 6, "column": null } }
        ]
      }
    },
    "s": { "0": 2, "1": 4, "2": 2, "3": 2, "4": 2, "5": 2, "6": 3, "7": 2 },
    "f": { "0": 4, "1": 3 },
    "b": { "0": [2, 2] }
  }
}
